  CommandSender.cpp
CommandSender.cpp(46): warning C4996: 'inet_addr': Use inet_pton() or InetPton() instead or define _WINSOCK_DEPRECATED_NO_WARNINGS to disable deprecated API warnings
  C:\Program Files (x86)\Windows Kits\8.1\Include\um\winsock2.h(1850): note: see declaration of 'inet_addr'
CommandSender.cpp(43): warning C4101: 'sender_addr': unreferenced local variable
CommandSender.cpp(121): warning C4244: 'argument': conversion from 'int' to 'UINT8', possible loss of data
CommandSender.cpp(80): warning C4996: 'gethostbyname': Use getaddrinfo() or GetAddrInfoW() instead or define _WINSOCK_DEPRECATED_NO_WARNINGS to disable deprecated API warnings
  C:\Program Files (x86)\Windows Kits\8.1\Include\um\winsock2.h(2238): note: see declaration of 'gethostbyname'
CommandSender.cpp(88): warning C4996: 'inet_ntoa': Use inet_ntop() or InetNtop() instead or define _WINSOCK_DEPRECATED_NO_WARNINGS to disable deprecated API warnings
  C:\Program Files (x86)\Windows Kits\8.1\Include\um\winsock2.h(1868): note: see declaration of 'inet_ntoa'
CommandSender.cpp(126): warning C4101: 'inp': unreferenced local variable
CommandSender.cpp(127): warning C4189: 's': local variable is initialized but not referenced
CommandSender.cpp(161): warning C4996: 'inet_addr': Use inet_pton() or InetPton() instead or define _WINSOCK_DEPRECATED_NO_WARNINGS to disable deprecated API warnings
  C:\Program Files (x86)\Windows Kits\8.1\Include\um\winsock2.h(1850): note: see declaration of 'inet_addr'
  Generating Code...
  Skipping... (no relevant changes detected)
  SteeringWheelSDKDemoDlg.cpp
  SteeringWheelSDKDemo.cpp
  SteeringWheelInputCalibrateDlg.cpp
  ControlSystem.vcxproj -> C:\Users\ironman\Desktop\Capstone\IRG-RACING-VR\ControlSystem\Debug\ControlSystem.exe
  ControlSystem.vcxproj -> C:\Users\ironman\Desktop\Capstone\IRG-RACING-VR\ControlSystem\Debug\ControlSystem.pdb (Full PDB)
