c:\users\ironman\desktop\capstone\irg-racing-vr\gstreamerreader\x64\release\gstreamerreader.pch
c:\users\ironman\desktop\capstone\irg-racing-vr\gstreamerreader\x64\release\vc142.pdb
c:\users\ironman\desktop\capstone\irg-racing-vr\gstreamerreader\x64\release\pch.obj
c:\users\ironman\desktop\capstone\irg-racing-vr\gstreamerreader\x64\release\dllmain.obj
c:\users\john dagdelen\roar_vr\gstreamerreader\x64\release\gstreamerreader.pch
c:\users\john dagdelen\roar_vr\gstreamerreader\x64\release\vc142.pdb
c:\users\john dagdelen\roar_vr\gstreamerreader\x64\release\pch.obj
c:\users\john dagdelen\roar_vr\gstreamerreader\x64\release\dllmain.obj
c:\users\ironman\desktop\capstone\irg-racing-vr\gstreamerreader\x64\release\gstreamerreader.lib
c:\users\ironman\desktop\capstone\irg-racing-vr\gstreamerreader\x64\release\gstreamerreader.exp
c:\users\ironman\desktop\capstone\irg-racing-vr\gstreamerreader\x64\release\gstreamerreader.ipdb
c:\users\ironman\desktop\capstone\irg-racing-vr\gstreamerreader\x64\release\gstreamerreader.iobj
c:\users\ironman\desktop\capstone\irg-racing-vr\gstreamerreader\x64\release\gstreamerreader.dll
c:\users\ironman\desktop\capstone\irg-racing-vr\gstreamerreader\x64\release\gstreamerreader.pdb
c:\users\john dagdelen\roar_vr\gstreamerreader\x64\release\gstreamerreader.ipdb
c:\users\john dagdelen\roar_vr\gstreamerreader\x64\release\gstreamerreader.iobj
c:\users\john dagdelen\roar_vr\gstreamerreader\x64\release\gstreamerreader.exp
c:\users\john dagdelen\roar_vr\gstreamerreader\x64\release\gstreamerreader.pdb
c:\users\john dagdelen\roar_vr\gstreamerreader\x64\release\gstreamerreader.tlog\cl.command.1.tlog
c:\users\john dagdelen\roar_vr\gstreamerreader\x64\release\gstreamerreader.tlog\cl.read.1.tlog
c:\users\john dagdelen\roar_vr\gstreamerreader\x64\release\gstreamerreader.tlog\cl.write.1.tlog
c:\users\john dagdelen\roar_vr\gstreamerreader\x64\release\gstreamerreader.tlog\gstreamerreader.write.1u.tlog
c:\users\john dagdelen\roar_vr\gstreamerreader\x64\release\gstreamerreader.tlog\link.command.1.tlog
c:\users\john dagdelen\roar_vr\gstreamerreader\x64\release\gstreamerreader.tlog\link.delete.1.tlog
c:\users\john dagdelen\roar_vr\gstreamerreader\x64\release\gstreamerreader.tlog\link.read.1.tlog
c:\users\john dagdelen\roar_vr\gstreamerreader\x64\release\gstreamerreader.tlog\link.write.1.tlog
